<html>
<head>
<title>TestNG:  Gradle test</title>
<link href="../testng.css" rel="stylesheet" type="text/css" />
<link href="../my-testng.css" rel="stylesheet" type="text/css" />

<style type="text/css">
.log { display: none;} 
.stack-trace { display: none;} 
</style>
<script type="text/javascript">
<!--
function flip(e) {
  current = e.style.display;
  if (current == 'block') {
    e.style.display = 'none';
    return 0;
  }
  else {
    e.style.display = 'block';
    return 1;
  }
}

function toggleBox(szDivId, elem, msg1, msg2)
{
  var res = -1;  if (document.getElementById) {
    res = flip(document.getElementById(szDivId));
  }
  else if (document.all) {
    // this is the way old msie versions work
    res = flip(document.all[szDivId]);
  }
  if(elem) {
    if(res == 0) elem.innerHTML = msg1; else elem.innerHTML = msg2;
  }

}

function toggleAllBoxes() {
  if (document.getElementsByTagName) {
    d = document.getElementsByTagName('div');
    for (i = 0; i < d.length; i++) {
      if (d[i].className == 'log') {
        flip(d[i]);
      }
    }
  }
}

// -->
</script>

</head>
<body>
<h2 align='center'>Gradle test</h2><table border='1' align="center">
<tr>
<td>Tests passed/Failed/Skipped:</td><td>8/1/0</td>
</tr><tr>
<td>Started on:</td><td>Thu Mar 23 18:40:28 BDT 2023</td>
</tr>
<tr><td>Total time:</td><td>60 seconds (60483 ms)</td>
</tr><tr>
<td>Included groups:</td><td></td>
</tr><tr>
<td>Excluded groups:</td><td></td>
</tr>
</table><p/>
<small><i>(Hover the method name to see the test class name)</i></small><p/>
<table width='100%' border='1' class='invocation-failed'>
<tr><td colspan='4' align='center'><b>FAILED TESTS</b></td></tr>
<tr><td><b>Test method</b></td>
<td width="30%"><b>Exception</b></td>
<td width="10%"><b>Time (seconds)</b></td>
<td><b>Instance</b></td>
</tr>
<tr>
<td title='App.TestRunner.ExperiBankTestRunner.runScenario()'><b>runScenario</b><br>Test class: App.TestRunner.ExperiBankTestRunner<br>Test method: Runs Cucumber Scenarios<br>Parameters: "", "Optional.empty"</td>
<td><div><pre>org.openqa.selenium.NoAlertPresentException: No alert is present on the screen
Build info: version: &apos;4.7.0&apos;, revision: &apos;0a5b49d16f&apos;
System info: os.name: &apos;Windows 10&apos;, os.arch: &apos;amd64&apos;, os.version: &apos;10.0&apos;, java.version: &apos;1.8.0_202&apos;
Driver info: io.appium.java_client.android.AndroidDriver
Command: [6fdc501b-cebb-472e-8f2e-e816eb279168, getAlertText {}]
Capabilities {appium:appActivity: .LoginActivity, appium:appPackage: com.experitest.ExperiBank, appium:databaseEnabled: false, appium:desired: {appActivity: .LoginActivity, appPackage: com.experitest.ExperiBank, deviceName: vivo 1818, platformName: android, platformVersion: 11.0, udid: 87beccc2}, appium:deviceApiLevel: 30, appium:deviceManufacturer: vivo, appium:deviceModel: vivo 1818, appium:deviceName: 87beccc2, appium:deviceScreenDensity: 480, appium:deviceScreenSize: 1080x2340, appium:deviceUDID: 87beccc2, appium:javascriptEnabled: true, appium:locationContextEnabled: false, appium:networkConnectionEnabled: true, appium:pixelRatio: 3, appium:platformVersion: 11, appium:statBarHeight: 84, appium:takesScreenshot: true, appium:udid: 87beccc2, appium:viewportRect: {height: 2130, left: 0, top: 84, width: 1080}, appium:warnings: {}, appium:webStorageEnabled: false, platformName: ANDROID}
Session ID: 6fdc501b-cebb-472e-8f2e-e816eb279168
	at org.openqa.selenium.remote.codec.w3c.W3CHttpResponseCodec.createException(W3CHttpResponseCodec.java:200)
	at org.openqa.selenium.remote.codec.w3c.W3CHttpResponseCodec.decode(W3CHttpResponseCodec.java:133)
	at org.openqa.selenium.remote.codec.w3c.W3CHttpResponseCodec.decode(W3CHttpResponseCodec.java:53)
	at org.openqa.selenium.remote.HttpCommandExecutor.execute(HttpCommandExecutor.java:184)
	at io.appium.java_client.remote.AppiumCommandExecutor.execute(AppiumCommandExecutor.java:262)
	at org.openqa.selenium.remote.RemoteWebDriver.execute(RemoteWebDriver.java:541)
	at org.openqa.selenium.remote.RemoteWebDriver.execute(RemoteWebDriver.java:596)
	at io.appium.java_client.AppiumDriver.execute(AppiumDriver.java:272)
	at org.openqa.selenium.remote.RemoteWebDriver$RemoteTargetLocator.alert(RemoteWebDriver.java:1078)
	at App.POM.AppElements.AlertForPayment(AppElements.java:79)
	at App.StepDefinition.EB2MakePaymentStepDefs.userClosesTheAlertSelectingOkAndConfirmsPayment(EB2MakePaymentStepDefs.java:39)
	at ?.user closes the alert selecting ok and confirms payment(file:///F:/HybridFrameworkCucumber/src/test/resources/Feature/App/EB2MakePayment.feature:9)
... Removed 4 stack frames</pre></div><a href='#' onClick='toggleBox("stack-trace1719519917", this, "Click to show all stack frames", "Click to hide stack frames")'>Click to show all stack frames</a>
<div class='stack-trace' id='stack-trace1719519917'><pre>org.openqa.selenium.NoAlertPresentException: No alert is present on the screen
Build info: version: &apos;4.7.0&apos;, revision: &apos;0a5b49d16f&apos;
System info: os.name: &apos;Windows 10&apos;, os.arch: &apos;amd64&apos;, os.version: &apos;10.0&apos;, java.version: &apos;1.8.0_202&apos;
Driver info: io.appium.java_client.android.AndroidDriver
Command: [6fdc501b-cebb-472e-8f2e-e816eb279168, getAlertText {}]
Capabilities {appium:appActivity: .LoginActivity, appium:appPackage: com.experitest.ExperiBank, appium:databaseEnabled: false, appium:desired: {appActivity: .LoginActivity, appPackage: com.experitest.ExperiBank, deviceName: vivo 1818, platformName: android, platformVersion: 11.0, udid: 87beccc2}, appium:deviceApiLevel: 30, appium:deviceManufacturer: vivo, appium:deviceModel: vivo 1818, appium:deviceName: 87beccc2, appium:deviceScreenDensity: 480, appium:deviceScreenSize: 1080x2340, appium:deviceUDID: 87beccc2, appium:javascriptEnabled: true, appium:locationContextEnabled: false, appium:networkConnectionEnabled: true, appium:pixelRatio: 3, appium:platformVersion: 11, appium:statBarHeight: 84, appium:takesScreenshot: true, appium:udid: 87beccc2, appium:viewportRect: {height: 2130, left: 0, top: 84, width: 1080}, appium:warnings: {}, appium:webStorageEnabled: false, platformName: ANDROID}
Session ID: 6fdc501b-cebb-472e-8f2e-e816eb279168
	at sun.reflect.NativeConstructorAccessorImpl.newInstance0(Native Method)
	at sun.reflect.NativeConstructorAccessorImpl.newInstance(NativeConstructorAccessorImpl.java:62)
	at sun.reflect.DelegatingConstructorAccessorImpl.newInstance(DelegatingConstructorAccessorImpl.java:45)
	at java.lang.reflect.Constructor.newInstance(Constructor.java:423)
	at org.openqa.selenium.remote.codec.w3c.W3CHttpResponseCodec.createException(W3CHttpResponseCodec.java:200)
	at org.openqa.selenium.remote.codec.w3c.W3CHttpResponseCodec.decode(W3CHttpResponseCodec.java:133)
	at org.openqa.selenium.remote.codec.w3c.W3CHttpResponseCodec.decode(W3CHttpResponseCodec.java:53)
	at org.openqa.selenium.remote.HttpCommandExecutor.execute(HttpCommandExecutor.java:184)
	at io.appium.java_client.remote.AppiumCommandExecutor.execute(AppiumCommandExecutor.java:262)
	at org.openqa.selenium.remote.RemoteWebDriver.execute(RemoteWebDriver.java:541)
	at org.openqa.selenium.remote.RemoteWebDriver.execute(RemoteWebDriver.java:596)
	at io.appium.java_client.AppiumDriver.execute(AppiumDriver.java:272)
	at org.openqa.selenium.remote.RemoteWebDriver$RemoteTargetLocator.alert(RemoteWebDriver.java:1078)
	at App.POM.AppElements.AlertForPayment(AppElements.java:79)
	at App.StepDefinition.EB2MakePaymentStepDefs.userClosesTheAlertSelectingOkAndConfirmsPayment(EB2MakePaymentStepDefs.java:39)
	at ?.user closes the alert selecting ok and confirms payment(file:///F:/HybridFrameworkCucumber/src/test/resources/Feature/App/EB2MakePayment.feature:9)
</pre></div></td>
<td>15</td>
<td>App.TestRunner.ExperiBankTestRunner@40ef3420</td></tr>
</table><p>
<table width='100%' border='1' class='invocation-passed'>
<tr><td colspan='4' align='center'><b>PASSED TESTS</b></td></tr>
<tr><td><b>Test method</b></td>
<td width="30%"><b>Exception</b></td>
<td width="10%"><b>Time (seconds)</b></td>
<td><b>Instance</b></td>
</tr>
<tr>
<td title='Api.TestRunner.GetApiTestRunner.runScenario()'><b>runScenario</b><br>Test class: Api.TestRunner.GetApiTestRunner<br>Test method: Runs Cucumber Scenarios<br>Parameters: "get api check of pages", "Optional.empty"</td>
<td></td>
<td>1</td>
<td>Api.TestRunner.GetApiTestRunner@1ab3a8c8</td></tr>
<tr>
<td title='Api.TestRunner.PatchApiRunnerTests.runScenario()'><b>runScenario</b><br>Test class: Api.TestRunner.PatchApiRunnerTests<br>Test method: Runs Cucumber Scenarios<br>Parameters: "", "Optional.empty"</td>
<td></td>
<td>0</td>
<td>Api.TestRunner.PatchApiRunnerTests@43195e57</td></tr>
<tr>
<td title='Api.TestRunner.PostApiRunnerTests.runScenario()'><b>runScenario</b><br>Test class: Api.TestRunner.PostApiRunnerTests<br>Test method: Runs Cucumber Scenarios<br>Parameters: "", "Optional[User Registration]"</td>
<td></td>
<td>0</td>
<td>Api.TestRunner.PostApiRunnerTests@333291e3</td></tr>
<tr>
<td title='Api.TestRunner.PutApiRunnerTests.runScenario()'><b>runScenario</b><br>Test class: Api.TestRunner.PutApiRunnerTests<br>Test method: Runs Cucumber Scenarios<br>Parameters: "", "Optional.empty"</td>
<td></td>
<td>0</td>
<td>Api.TestRunner.PutApiRunnerTests@479d31f3</td></tr>
<tr>
<td title='App.TestRunner.ExperiBankTestRunner.runScenario()'><b>runScenario</b><br>Test class: App.TestRunner.ExperiBankTestRunner<br>Test method: Runs Cucumber Scenarios<br>Parameters: "user login", "Optional[AppTest]"</td>
<td></td>
<td>16</td>
<td>App.TestRunner.ExperiBankTestRunner@40ef3420</td></tr>
<tr>
<td title='Web.TestRunner.XYZBankTestRunner.runScenario()'><b>runScenario</b><br>Test class: Web.TestRunner.XYZBankTestRunner<br>Test method: Runs Cucumber Scenarios<br>Parameters: "Manager adds a customer", "Optional[Bank Manager Login (addCustomer)]"</td>
<td></td>
<td>10</td>
<td>Web.TestRunner.XYZBankTestRunner@498d318c</td></tr>
<tr>
<td title='Web.TestRunner.XYZBankTestRunner.runScenario()'><b>runScenario</b><br>Test class: Web.TestRunner.XYZBankTestRunner<br>Test method: Runs Cucumber Scenarios<br>Parameters: "Manager opens an account by linking newly created customer", "Optional[Bank Manager Login (openAccount)]"</td>
<td></td>
<td>6</td>
<td>Web.TestRunner.XYZBankTestRunner@498d318c</td></tr>
<tr>
<td title='Web.TestRunner.XYZBankTestRunner.runScenario()'><b>runScenario</b><br>Test class: Web.TestRunner.XYZBankTestRunner<br>Test method: Runs Cucumber Scenarios<br>Parameters: "Manager deletes the new customer", "Optional[Bank Manager Login (deleteCustomer)]"</td>
<td></td>
<td>7</td>
<td>Web.TestRunner.XYZBankTestRunner@498d318c</td></tr>
</table><p>
</body>
</html>